<?xml version="1.0" encoding="utf-8"?>
<TestRun id="90edbf02-6fcf-4702-bd1c-cfd2afd1ead9" name="@Husnuyes-MacBook-Pro 2025-04-14 14:42:22" xmlns="http://microsoft.com/schemas/VisualStudio/TeamTest/2010">
  <Times creation="2025-04-14T14:42:22.8237000+03:00" queuing="2025-04-14T14:42:22.8237000+03:00" start="2025-04-14T14:42:13.3877310+03:00" finish="2025-04-14T14:42:22.8285750+03:00" />
  <TestSettings name="default" id="277104ba-ced8-4c7d-b265-f5153d66cb3e">
    <Deployment runDeploymentRoot="_Husnuyes-MacBook-Pro_2025-04-14_14_42_22" />
  </TestSettings>
  <Results>
    <UnitTestResult executionId="a36429f3-c4ce-4ac3-bb3c-c0050f070af1" testId="752bd4c5-4131-4042-8364-df56d1c659b9" testName="SuccessfulLoginTest" computerName="Husnuyes-MacBook-Pro" duration="00:00:08.9441870" startTime="2025-04-14T14:42:13.8182650+03:00" endTime="2025-04-14T14:42:22.7626490+03:00" testType="13cdc9d9-ddb5-4fa4-a97d-d965ccfc6d4b" outcome="Passed" testListId="8c84fa94-04c1-424b-9868-57a2d4851a1d" relativeResultsDirectory="a36429f3-c4ce-4ac3-bb3c-c0050f070af1" />
  </Results>
  <TestDefinitions>
    <UnitTest name="SuccessfulLoginTest" storage="/users/husnuye/seleniumooptest/bin/release/net8.0/seleniumooptest.dll" id="752bd4c5-4131-4042-8364-df56d1c659b9">
      <Execution id="a36429f3-c4ce-4ac3-bb3c-c0050f070af1" />
      <TestMethod codeBase="/Users/husnuye/SeleniumOOPTest/bin/Release/net8.0/SeleniumOOPTest.dll" adapterTypeName="executor://nunit3testexecutor/" className="SeleniumOOPTest.Tests.LoginTest" name="SuccessfulLoginTest" />
    </UnitTest>
  </TestDefinitions>
  <TestEntries>
    <TestEntry testId="752bd4c5-4131-4042-8364-df56d1c659b9" executionId="a36429f3-c4ce-4ac3-bb3c-c0050f070af1" testListId="8c84fa94-04c1-424b-9868-57a2d4851a1d" />
  </TestEntries>
  <TestLists>
    <TestList name="Results Not in a List" id="8c84fa94-04c1-424b-9868-57a2d4851a1d" />
    <TestList name="All Loaded Results" id="19431567-8539-422a-85d7-44ee4e166bda" />
  </TestLists>
  <ResultSummary outcome="Completed">
    <Counters total="1" executed="1" passed="1" failed="0" error="0" timeout="0" aborted="0" inconclusive="0" passedButRunAborted="0" notRunnable="0" notExecuted="0" disconnected="0" warning="0" completed="0" inProgress="0" pending="0" />
    <Output>
      <StdOut>NUnit Adapter 5.0.0.0: Test execution started
Running all tests in /Users/husnuye/SeleniumOOPTest/bin/Release/net8.0/SeleniumOOPTest.dll
   NUnit3TestExecutor discovered 1 of 1 NUnit test cases using Current Discovery mode, Non-Explicit run
Starting ChromeDriver 135.0.7049.84 (6c019e56001911b3fd467e03bf68c435924d62f4-refs/branch-heads/7049@{#1778}) on port 49336
Only local connections are allowed.
Please see https://chromedriver.chromium.org/security-considerations for suggestions on keeping ChromeDriver safe.
ChromeDriver was started successfully on port 49336.
NUnit Adapter 5.0.0.0: Test execution complete
</StdOut>
    </Output>
  </ResultSummary>
</TestRun>